<?xml version="1.0" encoding="UTF-8"?>
<testng-results ignored="0" total="1" passed="1" failed="0" skipped="0">
  <reporter-output>
  </reporter-output>
  <suite started-at="2023-03-30T12:41:16 IST" name="Surefire suite" finished-at="2023-03-30T12:41:19 IST" duration-ms="2607">
    <groups>
    </groups>
    <test started-at="2023-03-30T12:41:16 IST" name="Surefire test" finished-at="2023-03-30T12:41:19 IST" duration-ms="2607">
      <class name="org.newproject.test.Browserlaunch">
        <test-method signature="mmt()[pri:0, instance:org.newproject.test.Browserlaunch@6db9f5a4]" started-at="2023-03-30T12:41:16 IST" name="mmt" finished-at="2023-03-30T12:41:19 IST" duration-ms="2554" status="PASS">
          <reporter-output>
          </reporter-output>
        </test-method> <!-- mmt -->
      </class> <!-- org.newproject.test.Browserlaunch -->
    </test> <!-- Surefire test -->
  </suite> <!-- Surefire suite -->
</testng-results>
